<?xml version="1.0" encoding="UTF-8"?>
  <testsuites tests="80" disabled="4" errors="0" failures="0" time="0.184134938">
      <testsuite name="conformance tests" package="/home/ubun/container/quickctf/ctf-registry" tests="80" disabled="0" skipped="4" errors="0" failures="0" time="0.184134938" timestamp="2026-01-31T22:27:34">
          <properties>
              <property name="SuiteSucceeded" value="true"></property>
              <property name="SuiteHasProgrammaticFocus" value="false"></property>
              <property name="SpecialSuiteFailureReason" value=""></property>
              <property name="SuiteLabels" value="[]"></property>
              <property name="RandomSeed" value="1769866054"></property>
              <property name="RandomizeAllSpecs" value="false"></property>
              <property name="LabelFilter" value=""></property>
              <property name="FocusStrings" value=""></property>
              <property name="SkipStrings" value=""></property>
              <property name="FocusFiles" value=""></property>
              <property name="SkipFiles" value=""></property>
              <property name="FailOnPending" value="false"></property>
              <property name="FailFast" value="false"></property>
              <property name="FlakeAttempts" value="0"></property>
              <property name="DryRun" value="false"></property>
              <property name="ParallelTotal" value="1"></property>
              <property name="OutputInterceptorMode" value=""></property>
          </properties>
          <testcase name="OCI Distribution Conformance Tests Pull Setup Populate registry with test blob" classname="conformance tests" status="passed" time="0.003686684">
              <system-err>&gt; Enter [It] Populate registry with test blob - /home/ubun/container/distribution-spec/conformance/01_pull_test.go:18 @ 01/31/26 22:27:34.859&#xA;&lt; Exit [It] Populate registry with test blob - /home/ubun/container/distribution-spec/conformance/01_pull_test.go:18 @ 01/31/26 22:27:34.862 (4ms)&#xA;&gt; Enter [ReportAfterEach] TOP-LEVEL - /home/ubun/container/distribution-spec/conformance/00_conformance_suite_test.go:23 @ 01/31/26 22:27:34.862&#xA;&lt; Exit [ReportAfterEach] TOP-LEVEL - /home/ubun/container/distribution-spec/conformance/00_conformance_suite_test.go:23 @ 01/31/26 22:27:34.862 (0s)&#xA;</system-err>
          </testcase>
          <testcase name="OCI Distribution Conformance Tests Pull Setup Populate registry with test blob" classname="conformance tests" status="passed" time="0.002061772">
              <system-err>&gt; Enter [It] Populate registry with test blob - /home/ubun/container/distribution-spec/conformance/01_pull_test.go:36 @ 01/31/26 22:27:34.862&#xA;&lt; Exit [It] Populate registry with test blob - /home/ubun/container/distribution-spec/conformance/01_pull_test.go:36 @ 01/31/26 22:27:34.865 (2ms)&#xA;&gt; Enter [ReportAfterEach] TOP-LEVEL - /home/ubun/container/distribution-spec/conformance/00_conformance_suite_test.go:23 @ 01/31/26 22:27:34.865&#xA;&lt; Exit [ReportAfterEach] TOP-LEVEL - /home/ubun/container/distribution-spec/conformance/00_conformance_suite_test.go:23 @ 01/31/26 22:27:34.865 (0s)&#xA;</system-err>
          </testcase>
          <testcase name="OCI Distribution Conformance Tests Pull Setup Populate registry with test layer" classname="conformance tests" status="passed" time="0.001802591">
              <system-err>&gt; Enter [It] Populate registry with test layer - /home/ubun/container/distribution-spec/conformance/01_pull_test.go:54 @ 01/31/26 22:27:34.865&#xA;&lt; Exit [It] Populate registry with test layer - /home/ubun/container/distribution-spec/conformance/01_pull_test.go:54 @ 01/31/26 22:27:34.866 (2ms)&#xA;&gt; Enter [ReportAfterEach] TOP-LEVEL - /home/ubun/container/distribution-spec/conformance/00_conformance_suite_test.go:23 @ 01/31/26 22:27:34.866&#xA;&lt; Exit [ReportAfterEach] TOP-LEVEL - /home/ubun/container/distribution-spec/conformance/00_conformance_suite_test.go:23 @ 01/31/26 22:27:34.866 (0s)&#xA;</system-err>
          </testcase>
          <testcase name="OCI Distribution Conformance Tests Pull Setup Populate registry with test manifest" classname="conformance tests" status="passed" time="0.00284355">
              <system-err>&gt; Enter [It] Populate registry with test manifest - /home/ubun/container/distribution-spec/conformance/01_pull_test.go:72 @ 01/31/26 22:27:34.866&#xA;&lt; Exit [It] Populate registry with test manifest - /home/ubun/container/distribution-spec/conformance/01_pull_test.go:72 @ 01/31/26 22:27:34.869 (3ms)&#xA;&gt; Enter [ReportAfterEach] TOP-LEVEL - /home/ubun/container/distribution-spec/conformance/00_conformance_suite_test.go:23 @ 01/31/26 22:27:34.869&#xA;&lt; Exit [ReportAfterEach] TOP-LEVEL - /home/ubun/container/distribution-spec/conformance/00_conformance_suite_test.go:23 @ 01/31/26 22:27:34.869 (0s)&#xA;</system-err>
          </testcase>
          <testcase name="OCI Distribution Conformance Tests Pull Setup Populate registry with test manifest" classname="conformance tests" status="passed" time="0.001731834">
              <system-err>&gt; Enter [It] Populate registry with test manifest - /home/ubun/container/distribution-spec/conformance/01_pull_test.go:87 @ 01/31/26 22:27:34.869&#xA;&lt; Exit [It] Populate registry with test manifest - /home/ubun/container/distribution-spec/conformance/01_pull_test.go:87 @ 01/31/26 22:27:34.871 (2ms)&#xA;&gt; Enter [ReportAfterEach] TOP-LEVEL - /home/ubun/container/distribution-spec/conformance/00_conformance_suite_test.go:23 @ 01/31/26 22:27:34.871&#xA;&lt; Exit [ReportAfterEach] TOP-LEVEL - /home/ubun/container/distribution-spec/conformance/00_conformance_suite_test.go:23 @ 01/31/26 22:27:34.871 (0s)&#xA;</system-err>
          </testcase>
          <testcase name="OCI Distribution Conformance Tests Pull Setup Get tag name from environment" classname="conformance tests" status="skipped" time="0.000118225">
              <skipped message="skipped - you have skipped this test."></skipped>
              <system-err>&gt; Enter [It] Get tag name from environment - /home/ubun/container/distribution-spec/conformance/01_pull_test.go:101 @ 01/31/26 22:27:34.871&#xA;[SKIPPED] you have skipped this test.&#xA;In [It] at: /home/ubun/container/distribution-spec/conformance/setup.go:593 @ 01/31/26 22:27:34.871&#xA;&lt; Exit [It] Get tag name from environment - /home/ubun/container/distribution-spec/conformance/01_pull_test.go:101 @ 01/31/26 22:27:34.871 (0s)&#xA;&gt; Enter [ReportAfterEach] TOP-LEVEL - /home/ubun/container/distribution-spec/conformance/00_conformance_suite_test.go:23 @ 01/31/26 22:27:34.871&#xA;&lt; Exit [ReportAfterEach] TOP-LEVEL - /home/ubun/container/distribution-spec/conformance/00_conformance_suite_test.go:23 @ 01/31/26 22:27:34.871 (0s)&#xA;</system-err>
          </testcase>
          <testcase name="OCI Distribution Conformance Tests Pull Pull blobs HEAD request to nonexistent blob should result in 404 response" classname="conformance tests" status="passed" time="0.000429794">
              <system-err>&gt; Enter [It] HEAD request to nonexistent blob should result in 404 response - /home/ubun/container/distribution-spec/conformance/01_pull_test.go:112 @ 01/31/26 22:27:34.871&#xA;&lt; Exit [It] HEAD request to nonexistent blob should result in 404 response - /home/ubun/container/distribution-spec/conformance/01_pull_test.go:112 @ 01/31/26 22:27:34.872 (0s)&#xA;&gt; Enter [ReportAfterEach] TOP-LEVEL - /home/ubun/container/distribution-spec/conformance/00_conformance_suite_test.go:23 @ 01/31/26 22:27:34.872&#xA;&lt; Exit [ReportAfterEach] TOP-LEVEL - /home/ubun/container/distribution-spec/conformance/00_conformance_suite_test.go:23 @ 01/31/26 22:27:34.872 (0s)&#xA;</system-err>
          </testcase>
          <testcase name="OCI Distribution Conformance Tests Pull Pull blobs HEAD request to existing blob should yield 200" classname="conformance tests" status="passed" time="0.000416966">
              <system-err>&gt; Enter [It] HEAD request to existing blob should yield 200 - /home/ubun/container/distribution-spec/conformance/01_pull_test.go:121 @ 01/31/26 22:27:34.872&#xA;&lt; Exit [It] HEAD request to existing blob should yield 200 - /home/ubun/container/distribution-spec/conformance/01_pull_test.go:121 @ 01/31/26 22:27:34.872 (0s)&#xA;&gt; Enter [ReportAfterEach] TOP-LEVEL - /home/ubun/container/distribution-spec/conformance/00_conformance_suite_test.go:23 @ 01/31/26 22:27:34.872&#xA;&lt; Exit [ReportAfterEach] TOP-LEVEL - /home/ubun/container/distribution-spec/conformance/00_conformance_suite_test.go:23 @ 01/31/26 22:27:34.872 (0s)&#xA;</system-err>
          </testcase>
          <testcase name="OCI Distribution Conformance Tests Pull Pull blobs GET nonexistent blob should result in 404 response" classname="conformance tests" status="passed" time="0.000455311">
              <system-err>&gt; Enter [It] GET nonexistent blob should result in 404 response - /home/ubun/container/distribution-spec/conformance/01_pull_test.go:133 @ 01/31/26 22:27:34.872&#xA;&lt; Exit [It] GET nonexistent blob should result in 404 response - /home/ubun/container/distribution-spec/conformance/01_pull_test.go:133 @ 01/31/26 22:27:34.873 (0s)&#xA;&gt; Enter [ReportAfterEach] TOP-LEVEL - /home/ubun/container/distribution-spec/conformance/00_conformance_suite_test.go:23 @ 01/31/26 22:27:34.873&#xA;&lt; Exit [ReportAfterEach] TOP-LEVEL - /home/ubun/container/distribution-spec/conformance/00_conformance_suite_test.go:23 @ 01/31/26 22:27:34.873 (0s)&#xA;</system-err>
          </testcase>
          <testcase name="OCI Distribution Conformance Tests Pull Pull blobs GET request to existing blob URL should yield 200" classname="conformance tests" status="passed" time="0.00045718">
              <system-err>&gt; Enter [It] GET request to existing blob URL should yield 200 - /home/ubun/container/distribution-spec/conformance/01_pull_test.go:142 @ 01/31/26 22:27:34.873&#xA;&lt; Exit [It] GET request to existing blob URL should yield 200 - /home/ubun/container/distribution-spec/conformance/01_pull_test.go:142 @ 01/31/26 22:27:34.873 (0s)&#xA;&gt; Enter [ReportAfterEach] TOP-LEVEL - /home/ubun/container/distribution-spec/conformance/00_conformance_suite_test.go:23 @ 01/31/26 22:27:34.873&#xA;&lt; Exit [ReportAfterEach] TOP-LEVEL - /home/ubun/container/distribution-spec/conformance/00_conformance_suite_test.go:23 @ 01/31/26 22:27:34.873 (0s)&#xA;</system-err>
          </testcase>
          <testcase name="OCI Distribution Conformance Tests Pull Pull manifests HEAD request to nonexistent manifest should return 404" classname="conformance tests" status="passed" time="0.000376937">
              <system-err>&gt; Enter [It] HEAD request to nonexistent manifest should return 404 - /home/ubun/container/distribution-spec/conformance/01_pull_test.go:152 @ 01/31/26 22:27:34.873&#xA;&lt; Exit [It] HEAD request to nonexistent manifest should return 404 - /home/ubun/container/distribution-spec/conformance/01_pull_test.go:152 @ 01/31/26 22:27:34.874 (0s)&#xA;&gt; Enter [ReportAfterEach] TOP-LEVEL - /home/ubun/container/distribution-spec/conformance/00_conformance_suite_test.go:23 @ 01/31/26 22:27:34.874&#xA;&lt; Exit [ReportAfterEach] TOP-LEVEL - /home/ubun/container/distribution-spec/conformance/00_conformance_suite_test.go:23 @ 01/31/26 22:27:34.874 (0s)&#xA;</system-err>
          </testcase>
          <testcase name="OCI Distribution Conformance Tests Pull Pull manifests HEAD request to manifest[0] path (digest) should yield 200 response" classname="conformance tests" status="passed" time="0.000724466">
              <system-err>&gt; Enter [It] HEAD request to manifest[0] path (digest) should yield 200 response - /home/ubun/container/distribution-spec/conformance/01_pull_test.go:161 @ 01/31/26 22:27:34.874&#xA;&lt; Exit [It] HEAD request to manifest[0] path (digest) should yield 200 response - /home/ubun/container/distribution-spec/conformance/01_pull_test.go:161 @ 01/31/26 22:27:34.874 (1ms)&#xA;&gt; Enter [ReportAfterEach] TOP-LEVEL - /home/ubun/container/distribution-spec/conformance/00_conformance_suite_test.go:23 @ 01/31/26 22:27:34.874&#xA;&lt; Exit [ReportAfterEach] TOP-LEVEL - /home/ubun/container/distribution-spec/conformance/00_conformance_suite_test.go:23 @ 01/31/26 22:27:34.874 (0s)&#xA;</system-err>
          </testcase>
          <testcase name="OCI Distribution Conformance Tests Pull Pull manifests HEAD request to manifest[1] path (digest) should yield 200 response" classname="conformance tests" status="passed" time="0.001138777">
              <system-err>&gt; Enter [It] HEAD request to manifest[1] path (digest) should yield 200 response - /home/ubun/container/distribution-spec/conformance/01_pull_test.go:173 @ 01/31/26 22:27:34.874&#xA;&lt; Exit [It] HEAD request to manifest[1] path (digest) should yield 200 response - /home/ubun/container/distribution-spec/conformance/01_pull_test.go:173 @ 01/31/26 22:27:34.876 (1ms)&#xA;&gt; Enter [ReportAfterEach] TOP-LEVEL - /home/ubun/container/distribution-spec/conformance/00_conformance_suite_test.go:23 @ 01/31/26 22:27:34.876&#xA;&lt; Exit [ReportAfterEach] TOP-LEVEL - /home/ubun/container/distribution-spec/conformance/00_conformance_suite_test.go:23 @ 01/31/26 22:27:34.876 (0s)&#xA;</system-err>
          </testcase>
          <testcase name="OCI Distribution Conformance Tests Pull Pull manifests HEAD request to manifest path (tag) should yield 200 response" classname="conformance tests" status="passed" time="0.000537463">
              <system-err>&gt; Enter [It] HEAD request to manifest path (tag) should yield 200 response - /home/ubun/container/distribution-spec/conformance/01_pull_test.go:185 @ 01/31/26 22:27:34.876&#xA;&lt; Exit [It] HEAD request to manifest path (tag) should yield 200 response - /home/ubun/container/distribution-spec/conformance/01_pull_test.go:185 @ 01/31/26 22:27:34.876 (1ms)&#xA;&gt; Enter [ReportAfterEach] TOP-LEVEL - /home/ubun/container/distribution-spec/conformance/00_conformance_suite_test.go:23 @ 01/31/26 22:27:34.876&#xA;&lt; Exit [ReportAfterEach] TOP-LEVEL - /home/ubun/container/distribution-spec/conformance/00_conformance_suite_test.go:23 @ 01/31/26 22:27:34.876 (0s)&#xA;</system-err>
          </testcase>
          <testcase name="OCI Distribution Conformance Tests Pull Pull manifests GET nonexistent manifest should return 404" classname="conformance tests" status="passed" time="0.000465798">
              <system-err>&gt; Enter [It] GET nonexistent manifest should return 404 - /home/ubun/container/distribution-spec/conformance/01_pull_test.go:198 @ 01/31/26 22:27:34.876&#xA;&lt; Exit [It] GET nonexistent manifest should return 404 - /home/ubun/container/distribution-spec/conformance/01_pull_test.go:198 @ 01/31/26 22:27:34.877 (0s)&#xA;&gt; Enter [ReportAfterEach] TOP-LEVEL - /home/ubun/container/distribution-spec/conformance/00_conformance_suite_test.go:23 @ 01/31/26 22:27:34.877&#xA;&lt; Exit [ReportAfterEach] TOP-LEVEL - /home/ubun/container/distribution-spec/conformance/00_conformance_suite_test.go:23 @ 01/31/26 22:27:34.877 (0s)&#xA;</system-err>
          </testcase>
          <testcase name="OCI Distribution Conformance Tests Pull Pull manifests GET request to manifest[0] path (digest) should yield 200 response" classname="conformance tests" status="passed" time="0.000641946">
              <system-err>&gt; Enter [It] GET request to manifest[0] path (digest) should yield 200 response - /home/ubun/container/distribution-spec/conformance/01_pull_test.go:207 @ 01/31/26 22:27:34.877&#xA;&lt; Exit [It] GET request to manifest[0] path (digest) should yield 200 response - /home/ubun/container/distribution-spec/conformance/01_pull_test.go:207 @ 01/31/26 22:27:34.877 (1ms)&#xA;&gt; Enter [ReportAfterEach] TOP-LEVEL - /home/ubun/container/distribution-spec/conformance/00_conformance_suite_test.go:23 @ 01/31/26 22:27:34.877&#xA;&lt; Exit [ReportAfterEach] TOP-LEVEL - /home/ubun/container/distribution-spec/conformance/00_conformance_suite_test.go:23 @ 01/31/26 22:27:34.877 (0s)&#xA;</system-err>
          </testcase>
          <testcase name="OCI Distribution Conformance Tests Pull Pull manifests GET request to manifest[1] path (digest) should yield 200 response" classname="conformance tests" status="passed" time="0.000633024">
              <system-err>&gt; Enter [It] GET request to manifest[1] path (digest) should yield 200 response - /home/ubun/container/distribution-spec/conformance/01_pull_test.go:216 @ 01/31/26 22:27:34.878&#xA;&lt; Exit [It] GET request to manifest[1] path (digest) should yield 200 response - /home/ubun/container/distribution-spec/conformance/01_pull_test.go:216 @ 01/31/26 22:27:34.878 (1ms)&#xA;&gt; Enter [ReportAfterEach] TOP-LEVEL - /home/ubun/container/distribution-spec/conformance/00_conformance_suite_test.go:23 @ 01/31/26 22:27:34.878&#xA;&lt; Exit [ReportAfterEach] TOP-LEVEL - /home/ubun/container/distribution-spec/conformance/00_conformance_suite_test.go:23 @ 01/31/26 22:27:34.878 (0s)&#xA;</system-err>
          </testcase>
          <testcase name="OCI Distribution Conformance Tests Pull Pull manifests GET request to manifest path (tag) should yield 200 response" classname="conformance tests" status="passed" time="0.000657746">
              <system-err>&gt; Enter [It] GET request to manifest path (tag) should yield 200 response - /home/ubun/container/distribution-spec/conformance/01_pull_test.go:225 @ 01/31/26 22:27:34.878&#xA;&lt; Exit [It] GET request to manifest path (tag) should yield 200 response - /home/ubun/container/distribution-spec/conformance/01_pull_test.go:225 @ 01/31/26 22:27:34.879 (1ms)&#xA;&gt; Enter [ReportAfterEach] TOP-LEVEL - /home/ubun/container/distribution-spec/conformance/00_conformance_suite_test.go:23 @ 01/31/26 22:27:34.879&#xA;&lt; Exit [ReportAfterEach] TOP-LEVEL - /home/ubun/container/distribution-spec/conformance/00_conformance_suite_test.go:23 @ 01/31/26 22:27:34.879 (0s)&#xA;</system-err>
          </testcase>
          <testcase name="OCI Distribution Conformance Tests Pull Error codes 400 response body should contain OCI-conforming JSON message" classname="conformance tests" status="passed" time="0.000499319">
              <system-err>&gt; Enter [It] 400 response body should contain OCI-conforming JSON message - /home/ubun/container/distribution-spec/conformance/01_pull_test.go:237 @ 01/31/26 22:27:34.879&#xA;&lt; Exit [It] 400 response body should contain OCI-conforming JSON message - /home/ubun/container/distribution-spec/conformance/01_pull_test.go:237 @ 01/31/26 22:27:34.879 (0s)&#xA;&gt; Enter [ReportAfterEach] TOP-LEVEL - /home/ubun/container/distribution-spec/conformance/00_conformance_suite_test.go:23 @ 01/31/26 22:27:34.879&#xA;&lt; Exit [ReportAfterEach] TOP-LEVEL - /home/ubun/container/distribution-spec/conformance/00_conformance_suite_test.go:23 @ 01/31/26 22:27:34.879 (0s)&#xA;</system-err>
          </testcase>
          <testcase name="OCI Distribution Conformance Tests Pull Teardown Delete manifest[0] created in setup" classname="conformance tests" status="passed" time="0.001832439">
              <system-err>&gt; Enter [It] Delete manifest[0] created in setup - /home/ubun/container/distribution-spec/conformance/01_pull_test.go:260 @ 01/31/26 22:27:34.88&#xA;&lt; Exit [It] Delete manifest[0] created in setup - /home/ubun/container/distribution-spec/conformance/01_pull_test.go:260 @ 01/31/26 22:27:34.881 (2ms)&#xA;&gt; Enter [ReportAfterEach] TOP-LEVEL - /home/ubun/container/distribution-spec/conformance/00_conformance_suite_test.go:23 @ 01/31/26 22:27:34.881&#xA;&lt; Exit [ReportAfterEach] TOP-LEVEL - /home/ubun/container/distribution-spec/conformance/00_conformance_suite_test.go:23 @ 01/31/26 22:27:34.881 (0s)&#xA;</system-err>
          </testcase>
          <testcase name="OCI Distribution Conformance Tests Pull Teardown Delete manifest[1] created in setup" classname="conformance tests" status="passed" time="0.001709229">
              <system-err>&gt; Enter [It] Delete manifest[1] created in setup - /home/ubun/container/distribution-spec/conformance/01_pull_test.go:274 @ 01/31/26 22:27:34.881&#xA;&lt; Exit [It] Delete manifest[1] created in setup - /home/ubun/container/distribution-spec/conformance/01_pull_test.go:274 @ 01/31/26 22:27:34.883 (2ms)&#xA;&gt; Enter [ReportAfterEach] TOP-LEVEL - /home/ubun/container/distribution-spec/conformance/00_conformance_suite_test.go:23 @ 01/31/26 22:27:34.883&#xA;&lt; Exit [ReportAfterEach] TOP-LEVEL - /home/ubun/container/distribution-spec/conformance/00_conformance_suite_test.go:23 @ 01/31/26 22:27:34.883 (0s)&#xA;</system-err>
          </testcase>
          <testcase name="OCI Distribution Conformance Tests Pull Teardown Delete config[0] blob created in setup" classname="conformance tests" status="passed" time="0.001582164">
              <system-err>&gt; Enter [It] Delete config[0] blob created in setup - /home/ubun/container/distribution-spec/conformance/01_pull_test.go:290 @ 01/31/26 22:27:34.883&#xA;&lt; Exit [It] Delete config[0] blob created in setup - /home/ubun/container/distribution-spec/conformance/01_pull_test.go:290 @ 01/31/26 22:27:34.885 (2ms)&#xA;&gt; Enter [ReportAfterEach] TOP-LEVEL - /home/ubun/container/distribution-spec/conformance/00_conformance_suite_test.go:23 @ 01/31/26 22:27:34.885&#xA;&lt; Exit [ReportAfterEach] TOP-LEVEL - /home/ubun/container/distribution-spec/conformance/00_conformance_suite_test.go:23 @ 01/31/26 22:27:34.885 (0s)&#xA;</system-err>
          </testcase>
          <testcase name="OCI Distribution Conformance Tests Pull Teardown Delete config[1] blob created in setup" classname="conformance tests" status="passed" time="0.001686804">
              <system-err>&gt; Enter [It] Delete config[1] blob created in setup - /home/ubun/container/distribution-spec/conformance/01_pull_test.go:305 @ 01/31/26 22:27:34.885&#xA;&lt; Exit [It] Delete config[1] blob created in setup - /home/ubun/container/distribution-spec/conformance/01_pull_test.go:305 @ 01/31/26 22:27:34.886 (2ms)&#xA;&gt; Enter [ReportAfterEach] TOP-LEVEL - /home/ubun/container/distribution-spec/conformance/00_conformance_suite_test.go:23 @ 01/31/26 22:27:34.886&#xA;&lt; Exit [ReportAfterEach] TOP-LEVEL - /home/ubun/container/distribution-spec/conformance/00_conformance_suite_test.go:23 @ 01/31/26 22:27:34.887 (0s)&#xA;</system-err>
          </testcase>
          <testcase name="OCI Distribution Conformance Tests Pull Teardown Delete layer blob created in setup" classname="conformance tests" status="passed" time="0.001681781">
              <system-err>&gt; Enter [It] Delete layer blob created in setup - /home/ubun/container/distribution-spec/conformance/01_pull_test.go:321 @ 01/31/26 22:27:34.887&#xA;&lt; Exit [It] Delete layer blob created in setup - /home/ubun/container/distribution-spec/conformance/01_pull_test.go:321 @ 01/31/26 22:27:34.888 (2ms)&#xA;&gt; Enter [ReportAfterEach] TOP-LEVEL - /home/ubun/container/distribution-spec/conformance/00_conformance_suite_test.go:23 @ 01/31/26 22:27:34.888&#xA;&lt; Exit [ReportAfterEach] TOP-LEVEL - /home/ubun/container/distribution-spec/conformance/00_conformance_suite_test.go:23 @ 01/31/26 22:27:34.888 (0s)&#xA;</system-err>
          </testcase>
          <testcase name="OCI Distribution Conformance Tests Push Blob Upload Streamed PATCH request with blob in body should yield 202 response" classname="conformance tests" status="passed" time="0.001075056">
              <system-err>&gt; Enter [It] PATCH request with blob in body should yield 202 response - /home/ubun/container/distribution-spec/conformance/02_push_test.go:25 @ 01/31/26 22:27:34.888&#xA;&lt; Exit [It] PATCH request with blob in body should yield 202 response - /home/ubun/container/distribution-spec/conformance/02_push_test.go:25 @ 01/31/26 22:27:34.889 (1ms)&#xA;&gt; Enter [ReportAfterEach] TOP-LEVEL - /home/ubun/container/distribution-spec/conformance/00_conformance_suite_test.go:23 @ 01/31/26 22:27:34.889&#xA;&lt; Exit [ReportAfterEach] TOP-LEVEL - /home/ubun/container/distribution-spec/conformance/00_conformance_suite_test.go:23 @ 01/31/26 22:27:34.889 (0s)&#xA;</system-err>
          </testcase>
          <testcase name="OCI Distribution Conformance Tests Push Blob Upload Streamed PUT request to session URL with digest should yield 201 response" classname="conformance tests" status="passed" time="0.001784962">
              <system-err>&gt; Enter [It] PUT request to session URL with digest should yield 201 response - /home/ubun/container/distribution-spec/conformance/02_push_test.go:42 @ 01/31/26 22:27:34.889&#xA;&lt; Exit [It] PUT request to session URL with digest should yield 201 response - /home/ubun/container/distribution-spec/conformance/02_push_test.go:42 @ 01/31/26 22:27:34.891 (2ms)&#xA;&gt; Enter [ReportAfterEach] TOP-LEVEL - /home/ubun/container/distribution-spec/conformance/00_conformance_suite_test.go:23 @ 01/31/26 22:27:34.891&#xA;&lt; Exit [ReportAfterEach] TOP-LEVEL - /home/ubun/container/distribution-spec/conformance/00_conformance_suite_test.go:23 @ 01/31/26 22:27:34.891 (0s)&#xA;</system-err>
          </testcase>
          <testcase name="OCI Distribution Conformance Tests Push Blob Upload Monolithic GET nonexistent blob should result in 404 response" classname="conformance tests" status="passed" time="0.000395019">
              <system-err>&gt; Enter [It] GET nonexistent blob should result in 404 response - /home/ubun/container/distribution-spec/conformance/02_push_test.go:58 @ 01/31/26 22:27:34.891&#xA;&lt; Exit [It] GET nonexistent blob should result in 404 response - /home/ubun/container/distribution-spec/conformance/02_push_test.go:58 @ 01/31/26 22:27:34.892 (0s)&#xA;&gt; Enter [ReportAfterEach] TOP-LEVEL - /home/ubun/container/distribution-spec/conformance/00_conformance_suite_test.go:23 @ 01/31/26 22:27:34.892&#xA;&lt; Exit [ReportAfterEach] TOP-LEVEL - /home/ubun/container/distribution-spec/conformance/00_conformance_suite_test.go:23 @ 01/31/26 22:27:34.892 (0s)&#xA;</system-err>
          </testcase>
          <testcase name="OCI Distribution Conformance Tests Push Blob Upload Monolithic POST request with digest and blob should yield a 201 or 202" classname="conformance tests" status="passed" time="0.001828031">
              <system-err>&gt; Enter [It] POST request with digest and blob should yield a 201 or 202 - /home/ubun/container/distribution-spec/conformance/02_push_test.go:67 @ 01/31/26 22:27:34.892&#xA;&lt; Exit [It] POST request with digest and blob should yield a 201 or 202 - /home/ubun/container/distribution-spec/conformance/02_push_test.go:67 @ 01/31/26 22:27:34.894 (2ms)&#xA;&gt; Enter [ReportAfterEach] TOP-LEVEL - /home/ubun/container/distribution-spec/conformance/00_conformance_suite_test.go:23 @ 01/31/26 22:27:34.894&#xA;&lt; Exit [ReportAfterEach] TOP-LEVEL - /home/ubun/container/distribution-spec/conformance/00_conformance_suite_test.go:23 @ 01/31/26 22:27:34.894 (0s)&#xA;</system-err>
          </testcase>
          <testcase name="OCI Distribution Conformance Tests Push Blob Upload Monolithic GET request to blob URL from prior request should yield 200 or 404 based on response code" classname="conformance tests" status="passed" time="0.000525661">
              <system-err>&gt; Enter [It] GET request to blob URL from prior request should yield 200 or 404 based on response code - /home/ubun/container/distribution-spec/conformance/02_push_test.go:85 @ 01/31/26 22:27:34.894&#xA;&lt; Exit [It] GET request to blob URL from prior request should yield 200 or 404 based on response code - /home/ubun/container/distribution-spec/conformance/02_push_test.go:85 @ 01/31/26 22:27:34.894 (1ms)&#xA;&gt; Enter [ReportAfterEach] TOP-LEVEL - /home/ubun/container/distribution-spec/conformance/00_conformance_suite_test.go:23 @ 01/31/26 22:27:34.894&#xA;&lt; Exit [ReportAfterEach] TOP-LEVEL - /home/ubun/container/distribution-spec/conformance/00_conformance_suite_test.go:23 @ 01/31/26 22:27:34.894 (0s)&#xA;</system-err>
          </testcase>
          <testcase name="OCI Distribution Conformance Tests Push Blob Upload Monolithic POST request should yield a session ID" classname="conformance tests" status="passed" time="0.000460502">
              <system-err>&gt; Enter [It] POST request should yield a session ID - /home/ubun/container/distribution-spec/conformance/02_push_test.go:98 @ 01/31/26 22:27:34.894&#xA;&lt; Exit [It] POST request should yield a session ID - /home/ubun/container/distribution-spec/conformance/02_push_test.go:98 @ 01/31/26 22:27:34.895 (0s)&#xA;&gt; Enter [ReportAfterEach] TOP-LEVEL - /home/ubun/container/distribution-spec/conformance/00_conformance_suite_test.go:23 @ 01/31/26 22:27:34.895&#xA;&lt; Exit [ReportAfterEach] TOP-LEVEL - /home/ubun/container/distribution-spec/conformance/00_conformance_suite_test.go:23 @ 01/31/26 22:27:34.895 (0s)&#xA;</system-err>
          </testcase>
          <testcase name="OCI Distribution Conformance Tests Push Blob Upload Monolithic PUT upload of a blob should yield a 201 Response" classname="conformance tests" status="passed" time="0.002259428">
              <system-err>&gt; Enter [It] PUT upload of a blob should yield a 201 Response - /home/ubun/container/distribution-spec/conformance/02_push_test.go:107 @ 01/31/26 22:27:34.895&#xA;&lt; Exit [It] PUT upload of a blob should yield a 201 Response - /home/ubun/container/distribution-spec/conformance/02_push_test.go:107 @ 01/31/26 22:27:34.897 (2ms)&#xA;&gt; Enter [ReportAfterEach] TOP-LEVEL - /home/ubun/container/distribution-spec/conformance/00_conformance_suite_test.go:23 @ 01/31/26 22:27:34.897&#xA;&lt; Exit [ReportAfterEach] TOP-LEVEL - /home/ubun/container/distribution-spec/conformance/00_conformance_suite_test.go:23 @ 01/31/26 22:27:34.897 (0s)&#xA;</system-err>
          </testcase>
          <testcase name="OCI Distribution Conformance Tests Push Blob Upload Monolithic GET request to existing blob should yield 200 response" classname="conformance tests" status="passed" time="0.000492129">
              <system-err>&gt; Enter [It] GET request to existing blob should yield 200 response - /home/ubun/container/distribution-spec/conformance/02_push_test.go:121 @ 01/31/26 22:27:34.897&#xA;&lt; Exit [It] GET request to existing blob should yield 200 response - /home/ubun/container/distribution-spec/conformance/02_push_test.go:121 @ 01/31/26 22:27:34.897 (0s)&#xA;&gt; Enter [ReportAfterEach] TOP-LEVEL - /home/ubun/container/distribution-spec/conformance/00_conformance_suite_test.go:23 @ 01/31/26 22:27:34.897&#xA;&lt; Exit [ReportAfterEach] TOP-LEVEL - /home/ubun/container/distribution-spec/conformance/00_conformance_suite_test.go:23 @ 01/31/26 22:27:34.897 (0s)&#xA;</system-err>
          </testcase>
          <testcase name="OCI Distribution Conformance Tests Push Blob Upload Monolithic PUT upload of a layer blob should yield a 201 Response" classname="conformance tests" status="passed" time="0.002081785">
              <system-err>&gt; Enter [It] PUT upload of a layer blob should yield a 201 Response - /home/ubun/container/distribution-spec/conformance/02_push_test.go:129 @ 01/31/26 22:27:34.897&#xA;&lt; Exit [It] PUT upload of a layer blob should yield a 201 Response - /home/ubun/container/distribution-spec/conformance/02_push_test.go:129 @ 01/31/26 22:27:34.9 (2ms)&#xA;&gt; Enter [ReportAfterEach] TOP-LEVEL - /home/ubun/container/distribution-spec/conformance/00_conformance_suite_test.go:23 @ 01/31/26 22:27:34.9&#xA;&lt; Exit [ReportAfterEach] TOP-LEVEL - /home/ubun/container/distribution-spec/conformance/00_conformance_suite_test.go:23 @ 01/31/26 22:27:34.9 (0s)&#xA;</system-err>
          </testcase>
          <testcase name="OCI Distribution Conformance Tests Push Blob Upload Monolithic GET request to existing layer should yield 200 response" classname="conformance tests" status="passed" time="0.000606753">
              <system-err>&gt; Enter [It] GET request to existing layer should yield 200 response - /home/ubun/container/distribution-spec/conformance/02_push_test.go:146 @ 01/31/26 22:27:34.9&#xA;&lt; Exit [It] GET request to existing layer should yield 200 response - /home/ubun/container/distribution-spec/conformance/02_push_test.go:146 @ 01/31/26 22:27:34.9 (1ms)&#xA;&gt; Enter [ReportAfterEach] TOP-LEVEL - /home/ubun/container/distribution-spec/conformance/00_conformance_suite_test.go:23 @ 01/31/26 22:27:34.9&#xA;&lt; Exit [ReportAfterEach] TOP-LEVEL - /home/ubun/container/distribution-spec/conformance/00_conformance_suite_test.go:23 @ 01/31/26 22:27:34.9 (0s)&#xA;</system-err>
          </testcase>
          <testcase name="OCI Distribution Conformance Tests Push Blob Upload Chunked Out-of-order blob upload should return 416" classname="conformance tests" status="passed" time="0.000975091">
              <system-err>&gt; Enter [It] Out-of-order blob upload should return 416 - /home/ubun/container/distribution-spec/conformance/02_push_test.go:156 @ 01/31/26 22:27:34.9&#xA;&lt; Exit [It] Out-of-order blob upload should return 416 - /home/ubun/container/distribution-spec/conformance/02_push_test.go:156 @ 01/31/26 22:27:34.901 (1ms)&#xA;&gt; Enter [ReportAfterEach] TOP-LEVEL - /home/ubun/container/distribution-spec/conformance/00_conformance_suite_test.go:23 @ 01/31/26 22:27:34.901&#xA;&lt; Exit [ReportAfterEach] TOP-LEVEL - /home/ubun/container/distribution-spec/conformance/00_conformance_suite_test.go:23 @ 01/31/26 22:27:34.901 (0s)&#xA;</system-err>
          </testcase>
          <testcase name="OCI Distribution Conformance Tests Push Blob Upload Chunked PATCH request with first chunk should return 202" classname="conformance tests" status="passed" time="0.00091606">
              <system-err>&gt; Enter [It] PATCH request with first chunk should return 202 - /home/ubun/container/distribution-spec/conformance/02_push_test.go:185 @ 01/31/26 22:27:34.901&#xA;&lt; Exit [It] PATCH request with first chunk should return 202 - /home/ubun/container/distribution-spec/conformance/02_push_test.go:185 @ 01/31/26 22:27:34.902 (1ms)&#xA;&gt; Enter [ReportAfterEach] TOP-LEVEL - /home/ubun/container/distribution-spec/conformance/00_conformance_suite_test.go:23 @ 01/31/26 22:27:34.902&#xA;&lt; Exit [ReportAfterEach] TOP-LEVEL - /home/ubun/container/distribution-spec/conformance/00_conformance_suite_test.go:23 @ 01/31/26 22:27:34.902 (0s)&#xA;</system-err>
          </testcase>
          <testcase name="OCI Distribution Conformance Tests Push Blob Upload Chunked Retry previous blob chunk should return 416" classname="conformance tests" status="passed" time="0.000945696">
              <system-err>&gt; Enter [It] Retry previous blob chunk should return 416 - /home/ubun/container/distribution-spec/conformance/02_push_test.go:206 @ 01/31/26 22:27:34.902&#xA;&lt; Exit [It] Retry previous blob chunk should return 416 - /home/ubun/container/distribution-spec/conformance/02_push_test.go:206 @ 01/31/26 22:27:34.903 (1ms)&#xA;&gt; Enter [ReportAfterEach] TOP-LEVEL - /home/ubun/container/distribution-spec/conformance/00_conformance_suite_test.go:23 @ 01/31/26 22:27:34.903&#xA;&lt; Exit [ReportAfterEach] TOP-LEVEL - /home/ubun/container/distribution-spec/conformance/00_conformance_suite_test.go:23 @ 01/31/26 22:27:34.903 (0s)&#xA;</system-err>
          </testcase>
          <testcase name="OCI Distribution Conformance Tests Push Blob Upload Chunked Get on stale blob upload should return 204 with a range and location" classname="conformance tests" status="passed" time="0.000374875">
              <system-err>&gt; Enter [It] Get on stale blob upload should return 204 with a range and location - /home/ubun/container/distribution-spec/conformance/02_push_test.go:218 @ 01/31/26 22:27:34.903&#xA;&lt; Exit [It] Get on stale blob upload should return 204 with a range and location - /home/ubun/container/distribution-spec/conformance/02_push_test.go:218 @ 01/31/26 22:27:34.904 (0s)&#xA;&gt; Enter [ReportAfterEach] TOP-LEVEL - /home/ubun/container/distribution-spec/conformance/00_conformance_suite_test.go:23 @ 01/31/26 22:27:34.904&#xA;&lt; Exit [ReportAfterEach] TOP-LEVEL - /home/ubun/container/distribution-spec/conformance/00_conformance_suite_test.go:23 @ 01/31/26 22:27:34.904 (0s)&#xA;</system-err>
          </testcase>
          <testcase name="OCI Distribution Conformance Tests Push Blob Upload Chunked PATCH request with second chunk should return 202" classname="conformance tests" status="passed" time="0.000527104">
              <system-err>&gt; Enter [It] PATCH request with second chunk should return 202 - /home/ubun/container/distribution-spec/conformance/02_push_test.go:229 @ 01/31/26 22:27:34.904&#xA;&lt; Exit [It] PATCH request with second chunk should return 202 - /home/ubun/container/distribution-spec/conformance/02_push_test.go:229 @ 01/31/26 22:27:34.904 (1ms)&#xA;&gt; Enter [ReportAfterEach] TOP-LEVEL - /home/ubun/container/distribution-spec/conformance/00_conformance_suite_test.go:23 @ 01/31/26 22:27:34.904&#xA;&lt; Exit [ReportAfterEach] TOP-LEVEL - /home/ubun/container/distribution-spec/conformance/00_conformance_suite_test.go:23 @ 01/31/26 22:27:34.904 (0s)&#xA;</system-err>
          </testcase>
          <testcase name="OCI Distribution Conformance Tests Push Blob Upload Chunked PUT request with digest should return 201" classname="conformance tests" status="passed" time="0.001693642">
              <system-err>&gt; Enter [It] PUT request with digest should return 201 - /home/ubun/container/distribution-spec/conformance/02_push_test.go:245 @ 01/31/26 22:27:34.904&#xA;&lt; Exit [It] PUT request with digest should return 201 - /home/ubun/container/distribution-spec/conformance/02_push_test.go:245 @ 01/31/26 22:27:34.906 (2ms)&#xA;&gt; Enter [ReportAfterEach] TOP-LEVEL - /home/ubun/container/distribution-spec/conformance/00_conformance_suite_test.go:23 @ 01/31/26 22:27:34.906&#xA;&lt; Exit [ReportAfterEach] TOP-LEVEL - /home/ubun/container/distribution-spec/conformance/00_conformance_suite_test.go:23 @ 01/31/26 22:27:34.906 (0s)&#xA;</system-err>
          </testcase>
          <testcase name="OCI Distribution Conformance Tests Push Cross-Repository Blob Mount Cross-mounting of a blob without the from argument should yield session id" classname="conformance tests" status="passed" time="0.000361455">
              <system-err>&gt; Enter [It] Cross-mounting of a blob without the from argument should yield session id - /home/ubun/container/distribution-spec/conformance/02_push_test.go:260 @ 01/31/26 22:27:34.906&#xA;&lt; Exit [It] Cross-mounting of a blob without the from argument should yield session id - /home/ubun/container/distribution-spec/conformance/02_push_test.go:260 @ 01/31/26 22:27:34.907 (0s)&#xA;&gt; Enter [ReportAfterEach] TOP-LEVEL - /home/ubun/container/distribution-spec/conformance/00_conformance_suite_test.go:23 @ 01/31/26 22:27:34.907&#xA;&lt; Exit [ReportAfterEach] TOP-LEVEL - /home/ubun/container/distribution-spec/conformance/00_conformance_suite_test.go:23 @ 01/31/26 22:27:34.907 (0s)&#xA;</system-err>
          </testcase>
          <testcase name="OCI Distribution Conformance Tests Push Cross-Repository Blob Mount POST request to mount another repository&#39;s blob should return 201 or 202" classname="conformance tests" status="passed" time="0.001519569">
              <system-err>&gt; Enter [It] POST request to mount another repository&#39;s blob should return 201 or 202 - /home/ubun/container/distribution-spec/conformance/02_push_test.go:271 @ 01/31/26 22:27:34.907&#xA;&lt; Exit [It] POST request to mount another repository&#39;s blob should return 201 or 202 - /home/ubun/container/distribution-spec/conformance/02_push_test.go:271 @ 01/31/26 22:27:34.908 (2ms)&#xA;&gt; Enter [ReportAfterEach] TOP-LEVEL - /home/ubun/container/distribution-spec/conformance/00_conformance_suite_test.go:23 @ 01/31/26 22:27:34.908&#xA;&lt; Exit [ReportAfterEach] TOP-LEVEL - /home/ubun/container/distribution-spec/conformance/00_conformance_suite_test.go:23 @ 01/31/26 22:27:34.908 (0s)&#xA;</system-err>
          </testcase>
          <testcase name="OCI Distribution Conformance Tests Push Cross-Repository Blob Mount GET request to test digest within cross-mount namespace should return 200" classname="conformance tests" status="passed" time="0.000476001">
              <system-err>&gt; Enter [It] GET request to test digest within cross-mount namespace should return 200 - /home/ubun/container/distribution-spec/conformance/02_push_test.go:286 @ 01/31/26 22:27:34.908&#xA;&lt; Exit [It] GET request to test digest within cross-mount namespace should return 200 - /home/ubun/container/distribution-spec/conformance/02_push_test.go:286 @ 01/31/26 22:27:34.909 (0s)&#xA;&gt; Enter [ReportAfterEach] TOP-LEVEL - /home/ubun/container/distribution-spec/conformance/00_conformance_suite_test.go:23 @ 01/31/26 22:27:34.909&#xA;&lt; Exit [ReportAfterEach] TOP-LEVEL - /home/ubun/container/distribution-spec/conformance/00_conformance_suite_test.go:23 @ 01/31/26 22:27:34.909 (0s)&#xA;</system-err>
          </testcase>
          <testcase name="OCI Distribution Conformance Tests Push Cross-Repository Blob Mount Cross-mounting of nonexistent blob should yield session id" classname="conformance tests" status="skipped" time="0.000122633">
              <skipped message="skipped - you have skipped this test."></skipped>
              <system-err>&gt; Enter [It] Cross-mounting of nonexistent blob should yield session id - /home/ubun/container/distribution-spec/conformance/02_push_test.go:296 @ 01/31/26 22:27:34.909&#xA;[SKIPPED] you have skipped this test.&#xA;In [It] at: /home/ubun/container/distribution-spec/conformance/setup.go:587 @ 01/31/26 22:27:34.909&#xA;&lt; Exit [It] Cross-mounting of nonexistent blob should yield session id - /home/ubun/container/distribution-spec/conformance/02_push_test.go:296 @ 01/31/26 22:27:34.909 (0s)&#xA;&gt; Enter [ReportAfterEach] TOP-LEVEL - /home/ubun/container/distribution-spec/conformance/00_conformance_suite_test.go:23 @ 01/31/26 22:27:34.909&#xA;&lt; Exit [ReportAfterEach] TOP-LEVEL - /home/ubun/container/distribution-spec/conformance/00_conformance_suite_test.go:23 @ 01/31/26 22:27:34.909 (0s)&#xA;</system-err>
          </testcase>
          <testcase name="OCI Distribution Conformance Tests Push Cross-Repository Blob Mount Cross-mounting without from, and automatic content discovery enabled should return a 201" classname="conformance tests" status="passed" time="0.001531192">
              <system-err>&gt; Enter [It] Cross-mounting without from, and automatic content discovery enabled should return a 201 - /home/ubun/container/distribution-spec/conformance/02_push_test.go:302 @ 01/31/26 22:27:34.909&#xA;&lt; Exit [It] Cross-mounting without from, and automatic content discovery enabled should return a 201 - /home/ubun/container/distribution-spec/conformance/02_push_test.go:302 @ 01/31/26 22:27:34.91 (2ms)&#xA;&gt; Enter [ReportAfterEach] TOP-LEVEL - /home/ubun/container/distribution-spec/conformance/00_conformance_suite_test.go:23 @ 01/31/26 22:27:34.91&#xA;&lt; Exit [ReportAfterEach] TOP-LEVEL - /home/ubun/container/distribution-spec/conformance/00_conformance_suite_test.go:23 @ 01/31/26 22:27:34.91 (0s)&#xA;</system-err>
          </testcase>
          <testcase name="OCI Distribution Conformance Tests Push Cross-Repository Blob Mount Cross-mounting without from, and automatic content discovery disabled should return a 202" classname="conformance tests" status="skipped" time="0.000111229">
              <skipped message="skipped - you have skipped this test."></skipped>
              <system-err>&gt; Enter [It] Cross-mounting without from, and automatic content discovery disabled should return a 202 - /home/ubun/container/distribution-spec/conformance/02_push_test.go:315 @ 01/31/26 22:27:34.91&#xA;[SKIPPED] you have skipped this test.&#xA;In [It] at: /home/ubun/container/distribution-spec/conformance/setup.go:593 @ 01/31/26 22:27:34.91&#xA;&lt; Exit [It] Cross-mounting without from, and automatic content discovery disabled should return a 202 - /home/ubun/container/distribution-spec/conformance/02_push_test.go:315 @ 01/31/26 22:27:34.91 (0s)&#xA;&gt; Enter [ReportAfterEach] TOP-LEVEL - /home/ubun/container/distribution-spec/conformance/00_conformance_suite_test.go:23 @ 01/31/26 22:27:34.91&#xA;&lt; Exit [ReportAfterEach] TOP-LEVEL - /home/ubun/container/distribution-spec/conformance/00_conformance_suite_test.go:23 @ 01/31/26 22:27:34.911 (0s)&#xA;</system-err>
          </testcase>
          <testcase name="OCI Distribution Conformance Tests Push Manifest Upload GET nonexistent manifest should return 404" classname="conformance tests" status="passed" time="0.000414621">
              <system-err>&gt; Enter [It] GET nonexistent manifest should return 404 - /home/ubun/container/distribution-spec/conformance/02_push_test.go:330 @ 01/31/26 22:27:34.911&#xA;&lt; Exit [It] GET nonexistent manifest should return 404 - /home/ubun/container/distribution-spec/conformance/02_push_test.go:330 @ 01/31/26 22:27:34.911 (0s)&#xA;&gt; Enter [ReportAfterEach] TOP-LEVEL - /home/ubun/container/distribution-spec/conformance/00_conformance_suite_test.go:23 @ 01/31/26 22:27:34.911&#xA;&lt; Exit [ReportAfterEach] TOP-LEVEL - /home/ubun/container/distribution-spec/conformance/00_conformance_suite_test.go:23 @ 01/31/26 22:27:34.911 (0s)&#xA;</system-err>
          </testcase>
          <testcase name="OCI Distribution Conformance Tests Push Manifest Upload PUT should accept a manifest upload" classname="conformance tests" status="passed" time="0.010470753">
              <system-err>&gt; Enter [It] PUT should accept a manifest upload - /home/ubun/container/distribution-spec/conformance/02_push_test.go:339 @ 01/31/26 22:27:34.911&#xA;&lt; Exit [It] PUT should accept a manifest upload - /home/ubun/container/distribution-spec/conformance/02_push_test.go:339 @ 01/31/26 22:27:34.921 (10ms)&#xA;&gt; Enter [ReportAfterEach] TOP-LEVEL - /home/ubun/container/distribution-spec/conformance/00_conformance_suite_test.go:23 @ 01/31/26 22:27:34.921&#xA;&lt; Exit [ReportAfterEach] TOP-LEVEL - /home/ubun/container/distribution-spec/conformance/00_conformance_suite_test.go:23 @ 01/31/26 22:27:34.922 (0s)&#xA;</system-err>
          </testcase>
          <testcase name="OCI Distribution Conformance Tests Push Manifest Upload Registry should accept a manifest upload with no layers" classname="conformance tests" status="passed" time="0.002619462">
              <system-err>&gt; Enter [It] Registry should accept a manifest upload with no layers - /home/ubun/container/distribution-spec/conformance/02_push_test.go:355 @ 01/31/26 22:27:34.922&#xA;&lt; Exit [It] Registry should accept a manifest upload with no layers - /home/ubun/container/distribution-spec/conformance/02_push_test.go:355 @ 01/31/26 22:27:34.924 (3ms)&#xA;&gt; Enter [ReportAfterEach] TOP-LEVEL - /home/ubun/container/distribution-spec/conformance/00_conformance_suite_test.go:23 @ 01/31/26 22:27:34.924&#xA;&lt; Exit [ReportAfterEach] TOP-LEVEL - /home/ubun/container/distribution-spec/conformance/00_conformance_suite_test.go:23 @ 01/31/26 22:27:34.924 (0s)&#xA;</system-err>
          </testcase>
          <testcase name="OCI Distribution Conformance Tests Push Manifest Upload GET request to manifest URL (digest) should yield 200 response" classname="conformance tests" status="passed" time="0.000503361">
              <system-err>&gt; Enter [It] GET request to manifest URL (digest) should yield 200 response - /home/ubun/container/distribution-spec/conformance/02_push_test.go:373 @ 01/31/26 22:27:34.924&#xA;&lt; Exit [It] GET request to manifest URL (digest) should yield 200 response - /home/ubun/container/distribution-spec/conformance/02_push_test.go:373 @ 01/31/26 22:27:34.925 (0s)&#xA;&gt; Enter [ReportAfterEach] TOP-LEVEL - /home/ubun/container/distribution-spec/conformance/00_conformance_suite_test.go:23 @ 01/31/26 22:27:34.925&#xA;&lt; Exit [ReportAfterEach] TOP-LEVEL - /home/ubun/container/distribution-spec/conformance/00_conformance_suite_test.go:23 @ 01/31/26 22:27:34.925 (0s)&#xA;</system-err>
          </testcase>
          <testcase name="OCI Distribution Conformance Tests Push Teardown Delete manifest created in tests" classname="conformance tests" status="passed" time="0.003342753">
              <system-err>&gt; Enter [It] Delete manifest created in tests - /home/ubun/container/distribution-spec/conformance/02_push_test.go:385 @ 01/31/26 22:27:34.925&#xA;&lt; Exit [It] Delete manifest created in tests - /home/ubun/container/distribution-spec/conformance/02_push_test.go:385 @ 01/31/26 22:27:34.928 (3ms)&#xA;&gt; Enter [ReportAfterEach] TOP-LEVEL - /home/ubun/container/distribution-spec/conformance/00_conformance_suite_test.go:23 @ 01/31/26 22:27:34.928&#xA;&lt; Exit [ReportAfterEach] TOP-LEVEL - /home/ubun/container/distribution-spec/conformance/00_conformance_suite_test.go:23 @ 01/31/26 22:27:34.928 (0s)&#xA;</system-err>
          </testcase>
          <testcase name="OCI Distribution Conformance Tests Push Teardown Delete config blob created in tests" classname="conformance tests" status="passed" time="0.00177531">
              <system-err>&gt; Enter [It] Delete config blob created in tests - /home/ubun/container/distribution-spec/conformance/02_push_test.go:413 @ 01/31/26 22:27:34.928&#xA;&lt; Exit [It] Delete config blob created in tests - /home/ubun/container/distribution-spec/conformance/02_push_test.go:413 @ 01/31/26 22:27:34.93 (2ms)&#xA;&gt; Enter [ReportAfterEach] TOP-LEVEL - /home/ubun/container/distribution-spec/conformance/00_conformance_suite_test.go:23 @ 01/31/26 22:27:34.93&#xA;&lt; Exit [ReportAfterEach] TOP-LEVEL - /home/ubun/container/distribution-spec/conformance/00_conformance_suite_test.go:23 @ 01/31/26 22:27:34.931 (1ms)&#xA;</system-err>
          </testcase>
          <testcase name="OCI Distribution Conformance Tests Push Teardown Delete layer blob created in setup" classname="conformance tests" status="passed" time="0.002056167">
              <system-err>&gt; Enter [It] Delete layer blob created in setup - /home/ubun/container/distribution-spec/conformance/02_push_test.go:429 @ 01/31/26 22:27:34.931&#xA;&lt; Exit [It] Delete layer blob created in setup - /home/ubun/container/distribution-spec/conformance/02_push_test.go:429 @ 01/31/26 22:27:34.933 (2ms)&#xA;&gt; Enter [ReportAfterEach] TOP-LEVEL - /home/ubun/container/distribution-spec/conformance/00_conformance_suite_test.go:23 @ 01/31/26 22:27:34.933&#xA;&lt; Exit [ReportAfterEach] TOP-LEVEL - /home/ubun/container/distribution-spec/conformance/00_conformance_suite_test.go:23 @ 01/31/26 22:27:34.933 (0s)&#xA;</system-err>
          </testcase>
          <testcase name="OCI Distribution Conformance Tests Content Discovery Setup Populate registry with test blob" classname="conformance tests" status="passed" time="0.002353296">
              <system-err>&gt; Enter [It] Populate registry with test blob - /home/ubun/container/distribution-spec/conformance/03_discovery_test.go:25 @ 01/31/26 22:27:34.933&#xA;&lt; Exit [It] Populate registry with test blob - /home/ubun/container/distribution-spec/conformance/03_discovery_test.go:25 @ 01/31/26 22:27:34.935 (2ms)&#xA;&gt; Enter [ReportAfterEach] TOP-LEVEL - /home/ubun/container/distribution-spec/conformance/00_conformance_suite_test.go:23 @ 01/31/26 22:27:34.935&#xA;&lt; Exit [ReportAfterEach] TOP-LEVEL - /home/ubun/container/distribution-spec/conformance/00_conformance_suite_test.go:23 @ 01/31/26 22:27:34.935 (0s)&#xA;</system-err>
          </testcase>
          <testcase name="OCI Distribution Conformance Tests Content Discovery Setup Populate registry with test layer" classname="conformance tests" status="passed" time="0.002438676">
              <system-err>&gt; Enter [It] Populate registry with test layer - /home/ubun/container/distribution-spec/conformance/03_discovery_test.go:43 @ 01/31/26 22:27:34.935&#xA;&lt; Exit [It] Populate registry with test layer - /home/ubun/container/distribution-spec/conformance/03_discovery_test.go:43 @ 01/31/26 22:27:34.938 (2ms)&#xA;&gt; Enter [ReportAfterEach] TOP-LEVEL - /home/ubun/container/distribution-spec/conformance/00_conformance_suite_test.go:23 @ 01/31/26 22:27:34.938&#xA;&lt; Exit [ReportAfterEach] TOP-LEVEL - /home/ubun/container/distribution-spec/conformance/00_conformance_suite_test.go:23 @ 01/31/26 22:27:34.938 (0s)&#xA;</system-err>
          </testcase>
          <testcase name="OCI Distribution Conformance Tests Content Discovery Setup Populate registry with test tags" classname="conformance tests" status="passed" time="0.024679225">
              <system-err>&gt; Enter [It] Populate registry with test tags - /home/ubun/container/distribution-spec/conformance/03_discovery_test.go:61 @ 01/31/26 22:27:34.938&#xA;&lt; Exit [It] Populate registry with test tags - /home/ubun/container/distribution-spec/conformance/03_discovery_test.go:61 @ 01/31/26 22:27:34.962 (25ms)&#xA;&gt; Enter [ReportAfterEach] TOP-LEVEL - /home/ubun/container/distribution-spec/conformance/00_conformance_suite_test.go:23 @ 01/31/26 22:27:34.962&#xA;&lt; Exit [ReportAfterEach] TOP-LEVEL - /home/ubun/container/distribution-spec/conformance/00_conformance_suite_test.go:23 @ 01/31/26 22:27:34.962 (0s)&#xA;</system-err>
          </testcase>
          <testcase name="OCI Distribution Conformance Tests Content Discovery Setup Populate registry with test tags (no push)" classname="conformance tests" status="skipped" time="0.00010678">
              <skipped message="skipped - you have skipped this test."></skipped>
              <system-err>&gt; Enter [It] Populate registry with test tags (no push) - /home/ubun/container/distribution-spec/conformance/03_discovery_test.go:84 @ 01/31/26 22:27:34.963&#xA;[SKIPPED] you have skipped this test.&#xA;In [It] at: /home/ubun/container/distribution-spec/conformance/setup.go:593 @ 01/31/26 22:27:34.963&#xA;&lt; Exit [It] Populate registry with test tags (no push) - /home/ubun/container/distribution-spec/conformance/03_discovery_test.go:84 @ 01/31/26 22:27:34.963 (0s)&#xA;&gt; Enter [ReportAfterEach] TOP-LEVEL - /home/ubun/container/distribution-spec/conformance/00_conformance_suite_test.go:23 @ 01/31/26 22:27:34.963&#xA;&lt; Exit [ReportAfterEach] TOP-LEVEL - /home/ubun/container/distribution-spec/conformance/00_conformance_suite_test.go:23 @ 01/31/26 22:27:34.963 (0s)&#xA;</system-err>
          </testcase>
          <testcase name="OCI Distribution Conformance Tests Content Discovery Setup References setup" classname="conformance tests" status="passed" time="0.030508382">
              <system-err>&gt; Enter [It] References setup - /home/ubun/container/distribution-spec/conformance/03_discovery_test.go:90 @ 01/31/26 22:27:34.963&#xA;&lt; Exit [It] References setup - /home/ubun/container/distribution-spec/conformance/03_discovery_test.go:90 @ 01/31/26 22:27:34.993 (31ms)&#xA;&gt; Enter [ReportAfterEach] TOP-LEVEL - /home/ubun/container/distribution-spec/conformance/00_conformance_suite_test.go:23 @ 01/31/26 22:27:34.993&#xA;&lt; Exit [ReportAfterEach] TOP-LEVEL - /home/ubun/container/distribution-spec/conformance/00_conformance_suite_test.go:23 @ 01/31/26 22:27:34.993 (0s)&#xA;</system-err>
          </testcase>
          <testcase name="OCI Distribution Conformance Tests Content Discovery Test content discovery endpoints (listing tags) GET request to list tags should yield 200 response and be in sorted order" classname="conformance tests" status="passed" time="0.000535296">
              <system-err>&gt; Enter [It] GET request to list tags should yield 200 response and be in sorted order - /home/ubun/container/distribution-spec/conformance/03_discovery_test.go:258 @ 01/31/26 22:27:34.993&#xA;&lt; Exit [It] GET request to list tags should yield 200 response and be in sorted order - /home/ubun/container/distribution-spec/conformance/03_discovery_test.go:258 @ 01/31/26 22:27:34.994 (1ms)&#xA;&gt; Enter [ReportAfterEach] TOP-LEVEL - /home/ubun/container/distribution-spec/conformance/00_conformance_suite_test.go:23 @ 01/31/26 22:27:34.994&#xA;&lt; Exit [ReportAfterEach] TOP-LEVEL - /home/ubun/container/distribution-spec/conformance/00_conformance_suite_test.go:23 @ 01/31/26 22:27:34.994 (0s)&#xA;</system-err>
          </testcase>
          <testcase name="OCI Distribution Conformance Tests Content Discovery Test content discovery endpoints (listing tags) GET number of tags should be limitable by `n` query parameter" classname="conformance tests" status="passed" time="0.000354166">
              <system-err>&gt; Enter [It] GET number of tags should be limitable by `n` query parameter - /home/ubun/container/distribution-spec/conformance/03_discovery_test.go:277 @ 01/31/26 22:27:34.994&#xA;&lt; Exit [It] GET number of tags should be limitable by `n` query parameter - /home/ubun/container/distribution-spec/conformance/03_discovery_test.go:277 @ 01/31/26 22:27:34.994 (0s)&#xA;&gt; Enter [ReportAfterEach] TOP-LEVEL - /home/ubun/container/distribution-spec/conformance/00_conformance_suite_test.go:23 @ 01/31/26 22:27:34.994&#xA;&lt; Exit [ReportAfterEach] TOP-LEVEL - /home/ubun/container/distribution-spec/conformance/00_conformance_suite_test.go:23 @ 01/31/26 22:27:34.994 (0s)&#xA;</system-err>
          </testcase>
          <testcase name="OCI Distribution Conformance Tests Content Discovery Test content discovery endpoints (listing tags) GET start of tag is set by `last` query parameter" classname="conformance tests" status="passed" time="0.000776947">
              <system-err>&gt; Enter [It] GET start of tag is set by `last` query parameter - /home/ubun/container/distribution-spec/conformance/03_discovery_test.go:289 @ 01/31/26 22:27:34.994&#xA;&lt; Exit [It] GET start of tag is set by `last` query parameter - /home/ubun/container/distribution-spec/conformance/03_discovery_test.go:289 @ 01/31/26 22:27:34.995 (1ms)&#xA;&gt; Enter [ReportAfterEach] TOP-LEVEL - /home/ubun/container/distribution-spec/conformance/00_conformance_suite_test.go:23 @ 01/31/26 22:27:34.995&#xA;&lt; Exit [ReportAfterEach] TOP-LEVEL - /home/ubun/container/distribution-spec/conformance/00_conformance_suite_test.go:23 @ 01/31/26 22:27:34.995 (0s)&#xA;</system-err>
          </testcase>
          <testcase name="OCI Distribution Conformance Tests Content Discovery Test content discovery endpoints (listing references) GET request to nonexistent blob should result in empty 200 response" classname="conformance tests" status="passed" time="0.000399202">
              <system-err>&gt; Enter [It] GET request to nonexistent blob should result in empty 200 response - /home/ubun/container/distribution-spec/conformance/03_discovery_test.go:312 @ 01/31/26 22:27:34.995&#xA;&lt; Exit [It] GET request to nonexistent blob should result in empty 200 response - /home/ubun/container/distribution-spec/conformance/03_discovery_test.go:312 @ 01/31/26 22:27:34.995 (0s)&#xA;&gt; Enter [ReportAfterEach] TOP-LEVEL - /home/ubun/container/distribution-spec/conformance/00_conformance_suite_test.go:23 @ 01/31/26 22:27:34.995&#xA;&lt; Exit [ReportAfterEach] TOP-LEVEL - /home/ubun/container/distribution-spec/conformance/00_conformance_suite_test.go:23 @ 01/31/26 22:27:34.995 (0s)&#xA;</system-err>
          </testcase>
          <testcase name="OCI Distribution Conformance Tests Content Discovery Test content discovery endpoints (listing references) GET request to existing blob should yield 200" classname="conformance tests" status="passed" time="0.000597846">
              <system-err>&gt; Enter [It] GET request to existing blob should yield 200 - /home/ubun/container/distribution-spec/conformance/03_discovery_test.go:327 @ 01/31/26 22:27:34.996&#xA;&lt; Exit [It] GET request to existing blob should yield 200 - /home/ubun/container/distribution-spec/conformance/03_discovery_test.go:327 @ 01/31/26 22:27:34.996 (1ms)&#xA;&gt; Enter [ReportAfterEach] TOP-LEVEL - /home/ubun/container/distribution-spec/conformance/00_conformance_suite_test.go:23 @ 01/31/26 22:27:34.996&#xA;&lt; Exit [ReportAfterEach] TOP-LEVEL - /home/ubun/container/distribution-spec/conformance/00_conformance_suite_test.go:23 @ 01/31/26 22:27:34.996 (0s)&#xA;</system-err>
          </testcase>
          <testcase name="OCI Distribution Conformance Tests Content Discovery Test content discovery endpoints (listing references) GET request to existing blob with filter should yield 200" classname="conformance tests" status="passed" time="0.000654936">
              <system-err>&gt; Enter [It] GET request to existing blob with filter should yield 200 - /home/ubun/container/distribution-spec/conformance/03_discovery_test.go:347 @ 01/31/26 22:27:34.996&#xA;&lt; Exit [It] GET request to existing blob with filter should yield 200 - /home/ubun/container/distribution-spec/conformance/03_discovery_test.go:347 @ 01/31/26 22:27:34.997 (1ms)&#xA;&gt; Enter [ReportAfterEach] TOP-LEVEL - /home/ubun/container/distribution-spec/conformance/00_conformance_suite_test.go:23 @ 01/31/26 22:27:34.997&#xA;&lt; Exit [ReportAfterEach] TOP-LEVEL - /home/ubun/container/distribution-spec/conformance/00_conformance_suite_test.go:23 @ 01/31/26 22:27:34.997 (0s)&#xA;</system-err>
          </testcase>
          <testcase name="OCI Distribution Conformance Tests Content Discovery Test content discovery endpoints (listing references) GET request to missing manifest should yield 200" classname="conformance tests" status="passed" time="0.00052462">
              <system-err>&gt; Enter [It] GET request to missing manifest should yield 200 - /home/ubun/container/distribution-spec/conformance/03_discovery_test.go:379 @ 01/31/26 22:27:34.997&#xA;&lt; Exit [It] GET request to missing manifest should yield 200 - /home/ubun/container/distribution-spec/conformance/03_discovery_test.go:379 @ 01/31/26 22:27:34.997 (1ms)&#xA;&gt; Enter [ReportAfterEach] TOP-LEVEL - /home/ubun/container/distribution-spec/conformance/00_conformance_suite_test.go:23 @ 01/31/26 22:27:34.997&#xA;&lt; Exit [ReportAfterEach] TOP-LEVEL - /home/ubun/container/distribution-spec/conformance/00_conformance_suite_test.go:23 @ 01/31/26 22:27:34.997 (0s)&#xA;</system-err>
          </testcase>
          <testcase name="OCI Distribution Conformance Tests Content Discovery Teardown Delete created manifest &amp; associated tags" classname="conformance tests" status="passed" time="0.013701428">
              <system-err>&gt; Enter [It] Delete created manifest &amp; associated tags - /home/ubun/container/distribution-spec/conformance/03_discovery_test.go:398 @ 01/31/26 22:27:34.997&#xA;&lt; Exit [It] Delete created manifest &amp; associated tags - /home/ubun/container/distribution-spec/conformance/03_discovery_test.go:398 @ 01/31/26 22:27:35.011 (14ms)&#xA;&gt; Enter [ReportAfterEach] TOP-LEVEL - /home/ubun/container/distribution-spec/conformance/00_conformance_suite_test.go:23 @ 01/31/26 22:27:35.011&#xA;&lt; Exit [ReportAfterEach] TOP-LEVEL - /home/ubun/container/distribution-spec/conformance/00_conformance_suite_test.go:23 @ 01/31/26 22:27:35.011 (0s)&#xA;</system-err>
          </testcase>
          <testcase name="OCI Distribution Conformance Tests Content Discovery Teardown Delete config blob created in tests" classname="conformance tests" status="passed" time="0.002037459">
              <system-err>&gt; Enter [It] Delete config blob created in tests - /home/ubun/container/distribution-spec/conformance/03_discovery_test.go:427 @ 01/31/26 22:27:35.011&#xA;&lt; Exit [It] Delete config blob created in tests - /home/ubun/container/distribution-spec/conformance/03_discovery_test.go:427 @ 01/31/26 22:27:35.013 (2ms)&#xA;&gt; Enter [ReportAfterEach] TOP-LEVEL - /home/ubun/container/distribution-spec/conformance/00_conformance_suite_test.go:23 @ 01/31/26 22:27:35.013&#xA;&lt; Exit [ReportAfterEach] TOP-LEVEL - /home/ubun/container/distribution-spec/conformance/00_conformance_suite_test.go:23 @ 01/31/26 22:27:35.013 (0s)&#xA;</system-err>
          </testcase>
          <testcase name="OCI Distribution Conformance Tests Content Discovery Teardown Delete layer blob created in setup" classname="conformance tests" status="passed" time="0.001756056">
              <system-err>&gt; Enter [It] Delete layer blob created in setup - /home/ubun/container/distribution-spec/conformance/03_discovery_test.go:443 @ 01/31/26 22:27:35.013&#xA;&lt; Exit [It] Delete layer blob created in setup - /home/ubun/container/distribution-spec/conformance/03_discovery_test.go:443 @ 01/31/26 22:27:35.015 (2ms)&#xA;&gt; Enter [ReportAfterEach] TOP-LEVEL - /home/ubun/container/distribution-spec/conformance/00_conformance_suite_test.go:23 @ 01/31/26 22:27:35.015&#xA;&lt; Exit [ReportAfterEach] TOP-LEVEL - /home/ubun/container/distribution-spec/conformance/00_conformance_suite_test.go:23 @ 01/31/26 22:27:35.015 (0s)&#xA;</system-err>
          </testcase>
          <testcase name="OCI Distribution Conformance Tests Content Discovery Teardown References teardown" classname="conformance tests" status="passed" time="0.008999777">
              <system-err>&gt; Enter [It] References teardown - /home/ubun/container/distribution-spec/conformance/03_discovery_test.go:489 @ 01/31/26 22:27:35.015&#xA;&lt; Exit [It] References teardown - /home/ubun/container/distribution-spec/conformance/03_discovery_test.go:489 @ 01/31/26 22:27:35.024 (9ms)&#xA;&gt; Enter [ReportAfterEach] TOP-LEVEL - /home/ubun/container/distribution-spec/conformance/00_conformance_suite_test.go:23 @ 01/31/26 22:27:35.024&#xA;&lt; Exit [ReportAfterEach] TOP-LEVEL - /home/ubun/container/distribution-spec/conformance/00_conformance_suite_test.go:23 @ 01/31/26 22:27:35.024 (0s)&#xA;</system-err>
          </testcase>
          <testcase name="OCI Distribution Conformance Tests Content Management Setup Populate registry with test config blob" classname="conformance tests" status="passed" time="0.002276461">
              <system-err>&gt; Enter [It] Populate registry with test config blob - /home/ubun/container/distribution-spec/conformance/04_management_test.go:21 @ 01/31/26 22:27:35.024&#xA;&lt; Exit [It] Populate registry with test config blob - /home/ubun/container/distribution-spec/conformance/04_management_test.go:21 @ 01/31/26 22:27:35.026 (2ms)&#xA;&gt; Enter [ReportAfterEach] TOP-LEVEL - /home/ubun/container/distribution-spec/conformance/00_conformance_suite_test.go:23 @ 01/31/26 22:27:35.026&#xA;&lt; Exit [ReportAfterEach] TOP-LEVEL - /home/ubun/container/distribution-spec/conformance/00_conformance_suite_test.go:23 @ 01/31/26 22:27:35.027 (0s)&#xA;</system-err>
          </testcase>
          <testcase name="OCI Distribution Conformance Tests Content Management Setup Populate registry with test layer" classname="conformance tests" status="passed" time="0.002269923">
              <system-err>&gt; Enter [It] Populate registry with test layer - /home/ubun/container/distribution-spec/conformance/04_management_test.go:39 @ 01/31/26 22:27:35.027&#xA;&lt; Exit [It] Populate registry with test layer - /home/ubun/container/distribution-spec/conformance/04_management_test.go:39 @ 01/31/26 22:27:35.029 (2ms)&#xA;&gt; Enter [ReportAfterEach] TOP-LEVEL - /home/ubun/container/distribution-spec/conformance/00_conformance_suite_test.go:23 @ 01/31/26 22:27:35.029&#xA;&lt; Exit [ReportAfterEach] TOP-LEVEL - /home/ubun/container/distribution-spec/conformance/00_conformance_suite_test.go:23 @ 01/31/26 22:27:35.029 (0s)&#xA;</system-err>
          </testcase>
          <testcase name="OCI Distribution Conformance Tests Content Management Setup Populate registry with test tag" classname="conformance tests" status="passed" time="0.003462995">
              <system-err>&gt; Enter [It] Populate registry with test tag - /home/ubun/container/distribution-spec/conformance/04_management_test.go:57 @ 01/31/26 22:27:35.029&#xA;&lt; Exit [It] Populate registry with test tag - /home/ubun/container/distribution-spec/conformance/04_management_test.go:57 @ 01/31/26 22:27:35.032 (3ms)&#xA;&gt; Enter [ReportAfterEach] TOP-LEVEL - /home/ubun/container/distribution-spec/conformance/00_conformance_suite_test.go:23 @ 01/31/26 22:27:35.032&#xA;&lt; Exit [ReportAfterEach] TOP-LEVEL - /home/ubun/container/distribution-spec/conformance/00_conformance_suite_test.go:23 @ 01/31/26 22:27:35.032 (0s)&#xA;</system-err>
          </testcase>
          <testcase name="OCI Distribution Conformance Tests Content Management Setup Check how many tags there are before anything gets deleted" classname="conformance tests" status="passed" time="0.00062619">
              <system-err>&gt; Enter [It] Check how many tags there are before anything gets deleted - /home/ubun/container/distribution-spec/conformance/04_management_test.go:72 @ 01/31/26 22:27:35.032&#xA;&lt; Exit [It] Check how many tags there are before anything gets deleted - /home/ubun/container/distribution-spec/conformance/04_management_test.go:72 @ 01/31/26 22:27:35.033 (1ms)&#xA;&gt; Enter [ReportAfterEach] TOP-LEVEL - /home/ubun/container/distribution-spec/conformance/00_conformance_suite_test.go:23 @ 01/31/26 22:27:35.033&#xA;&lt; Exit [ReportAfterEach] TOP-LEVEL - /home/ubun/container/distribution-spec/conformance/00_conformance_suite_test.go:23 @ 01/31/26 22:27:35.033 (0s)&#xA;</system-err>
          </testcase>
          <testcase name="OCI Distribution Conformance Tests Content Management Manifest delete DELETE request to manifest tag should return 202, unless tag deletion is disallowed (400/405)" classname="conformance tests" status="passed" time="0.001991783">
              <system-err>&gt; Enter [It] DELETE request to manifest tag should return 202, unless tag deletion is disallowed (400/405) - /home/ubun/container/distribution-spec/conformance/04_management_test.go:88 @ 01/31/26 22:27:35.033&#xA;&lt; Exit [It] DELETE request to manifest tag should return 202, unless tag deletion is disallowed (400/405) - /home/ubun/container/distribution-spec/conformance/04_management_test.go:88 @ 01/31/26 22:27:35.035 (2ms)&#xA;&gt; Enter [ReportAfterEach] TOP-LEVEL - /home/ubun/container/distribution-spec/conformance/00_conformance_suite_test.go:23 @ 01/31/26 22:27:35.035&#xA;&lt; Exit [ReportAfterEach] TOP-LEVEL - /home/ubun/container/distribution-spec/conformance/00_conformance_suite_test.go:23 @ 01/31/26 22:27:35.035 (0s)&#xA;</system-err>
          </testcase>
          <testcase name="OCI Distribution Conformance Tests Content Management Manifest delete DELETE request to manifest (digest) should yield 202 response unless already deleted" classname="conformance tests" status="passed" time="0.001769168">
              <system-err>&gt; Enter [It] DELETE request to manifest (digest) should yield 202 response unless already deleted - /home/ubun/container/distribution-spec/conformance/04_management_test.go:106 @ 01/31/26 22:27:35.035&#xA;&lt; Exit [It] DELETE request to manifest (digest) should yield 202 response unless already deleted - /home/ubun/container/distribution-spec/conformance/04_management_test.go:106 @ 01/31/26 22:27:35.037 (2ms)&#xA;&gt; Enter [ReportAfterEach] TOP-LEVEL - /home/ubun/container/distribution-spec/conformance/00_conformance_suite_test.go:23 @ 01/31/26 22:27:35.037&#xA;&lt; Exit [ReportAfterEach] TOP-LEVEL - /home/ubun/container/distribution-spec/conformance/00_conformance_suite_test.go:23 @ 01/31/26 22:27:35.037 (0s)&#xA;</system-err>
          </testcase>
          <testcase name="OCI Distribution Conformance Tests Content Management Manifest delete GET request to deleted manifest URL should yield 404 response, unless delete is disallowed" classname="conformance tests" status="passed" time="0.000488202">
              <system-err>&gt; Enter [It] GET request to deleted manifest URL should yield 404 response, unless delete is disallowed - /home/ubun/container/distribution-spec/conformance/04_management_test.go:118 @ 01/31/26 22:27:35.037&#xA;&lt; Exit [It] GET request to deleted manifest URL should yield 404 response, unless delete is disallowed - /home/ubun/container/distribution-spec/conformance/04_management_test.go:118 @ 01/31/26 22:27:35.037 (0s)&#xA;&gt; Enter [ReportAfterEach] TOP-LEVEL - /home/ubun/container/distribution-spec/conformance/00_conformance_suite_test.go:23 @ 01/31/26 22:27:35.037&#xA;&lt; Exit [ReportAfterEach] TOP-LEVEL - /home/ubun/container/distribution-spec/conformance/00_conformance_suite_test.go:23 @ 01/31/26 22:27:35.037 (0s)&#xA;</system-err>
          </testcase>
          <testcase name="OCI Distribution Conformance Tests Content Management Manifest delete GET request to tags list should reflect manifest deletion" classname="conformance tests" status="passed" time="0.000529818">
              <system-err>&gt; Enter [It] GET request to tags list should reflect manifest deletion - /home/ubun/container/distribution-spec/conformance/04_management_test.go:129 @ 01/31/26 22:27:35.038&#xA;&lt; Exit [It] GET request to tags list should reflect manifest deletion - /home/ubun/container/distribution-spec/conformance/04_management_test.go:129 @ 01/31/26 22:27:35.038 (1ms)&#xA;&gt; Enter [ReportAfterEach] TOP-LEVEL - /home/ubun/container/distribution-spec/conformance/00_conformance_suite_test.go:23 @ 01/31/26 22:27:35.038&#xA;&lt; Exit [ReportAfterEach] TOP-LEVEL - /home/ubun/container/distribution-spec/conformance/00_conformance_suite_test.go:23 @ 01/31/26 22:27:35.038 (0s)&#xA;</system-err>
          </testcase>
          <testcase name="OCI Distribution Conformance Tests Content Management Blob delete DELETE request to blob URL should yield 202 response" classname="conformance tests" status="passed" time="0.003269427">
              <system-err>&gt; Enter [It] DELETE request to blob URL should yield 202 response - /home/ubun/container/distribution-spec/conformance/04_management_test.go:153 @ 01/31/26 22:27:35.038&#xA;&lt; Exit [It] DELETE request to blob URL should yield 202 response - /home/ubun/container/distribution-spec/conformance/04_management_test.go:153 @ 01/31/26 22:27:35.041 (3ms)&#xA;&gt; Enter [ReportAfterEach] TOP-LEVEL - /home/ubun/container/distribution-spec/conformance/00_conformance_suite_test.go:23 @ 01/31/26 22:27:35.041&#xA;&lt; Exit [ReportAfterEach] TOP-LEVEL - /home/ubun/container/distribution-spec/conformance/00_conformance_suite_test.go:23 @ 01/31/26 22:27:35.041 (0s)&#xA;</system-err>
          </testcase>
          <testcase name="OCI Distribution Conformance Tests Content Management Blob delete GET request to deleted blob URL should yield 404 response" classname="conformance tests" status="passed" time="0.0004898">
              <system-err>&gt; Enter [It] GET request to deleted blob URL should yield 404 response - /home/ubun/container/distribution-spec/conformance/04_management_test.go:180 @ 01/31/26 22:27:35.042&#xA;&lt; Exit [It] GET request to deleted blob URL should yield 404 response - /home/ubun/container/distribution-spec/conformance/04_management_test.go:180 @ 01/31/26 22:27:35.042 (0s)&#xA;&gt; Enter [ReportAfterEach] TOP-LEVEL - /home/ubun/container/distribution-spec/conformance/00_conformance_suite_test.go:23 @ 01/31/26 22:27:35.042&#xA;&lt; Exit [ReportAfterEach] TOP-LEVEL - /home/ubun/container/distribution-spec/conformance/00_conformance_suite_test.go:23 @ 01/31/26 22:27:35.042 (0s)&#xA;</system-err>
          </testcase>
          <testcase name="html custom reporter" classname="conformance tests" status="passed" time="0.0042651">
              <system-err>&gt; Enter [ReportAfterSuite] TOP-LEVEL - /home/ubun/container/distribution-spec/conformance/00_conformance_suite_test.go:24 @ 01/31/26 22:27:35.042&#xA;&lt; Exit [ReportAfterSuite] TOP-LEVEL - /home/ubun/container/distribution-spec/conformance/00_conformance_suite_test.go:24 @ 01/31/26 22:27:35.046 (4ms)&#xA;</system-err>
          </testcase>
      </testsuite>
  </testsuites>